<?xml version="1.0" encoding="UTF-8"?>
<coverage generated="1517832028430" clover="3.2.0">
  <project timestamp="1517832028430" name="All files">
    <metrics statements="228" coveredstatements="223" conditionals="76" coveredconditionals="60" methods="101" coveredmethods="100" elements="405" coveredelements="383" complexity="0" loc="228" ncloc="228" packages="5" files="18" classes="18">
      <package name="entities">
        <metrics statements="32" coveredstatements="32" conditionals="4" coveredconditionals="4" methods="17" coveredmethods="17"/>
        <file name="actionTypes.js" path="/Users/miguelmartin/projects/reduken/src/entities/actionTypes.js">
          <metrics statements="6" coveredstatements="6" conditionals="0" coveredconditionals="0" methods="0" coveredmethods="0"/>
          <line num="1" count="2" type="stmt"/>
          <line num="4" count="2" type="stmt"/>
          <line num="6" count="2" type="stmt"/>
          <line num="8" count="2" type="stmt"/>
          <line num="10" count="2" type="stmt"/>
          <line num="12" count="2" type="stmt"/>
        </file>
        <file name="actions.js" path="/Users/miguelmartin/projects/reduken/src/entities/actions.js">
          <metrics statements="6" coveredstatements="6" conditionals="0" coveredconditionals="0" methods="6" coveredmethods="6"/>
          <line num="4" count="4" type="stmt"/>
          <line num="14" count="2" type="stmt"/>
          <line num="25" count="1" type="stmt"/>
          <line num="30" count="1" type="stmt"/>
          <line num="40" count="1" type="stmt"/>
          <line num="46" count="2" type="stmt"/>
        </file>
        <file name="index.js" path="/Users/miguelmartin/projects/reduken/src/entities/index.js">
          <metrics statements="12" coveredstatements="12" conditionals="2" coveredconditionals="2" methods="6" coveredmethods="6"/>
          <line num="8" count="2" type="stmt"/>
          <line num="9" count="2" type="stmt"/>
          <line num="11" count="4" type="stmt"/>
          <line num="12" count="5" type="stmt"/>
          <line num="22" count="2" type="stmt"/>
          <line num="23" count="2" type="stmt"/>
          <line num="29" count="1" type="stmt"/>
          <line num="32" count="1" type="stmt"/>
          <line num="35" count="2" type="stmt"/>
          <line num="36" count="2" type="cond" truecount="2" falsecount="0"/>
          <line num="38" count="2" type="stmt"/>
          <line num="42" count="2" type="stmt"/>
        </file>
        <file name="selectors.js" path="/Users/miguelmartin/projects/reduken/src/entities/selectors.js">
          <metrics statements="8" coveredstatements="8" conditionals="2" coveredconditionals="2" methods="5" coveredmethods="5"/>
          <line num="4" count="2" type="stmt"/>
          <line num="7" count="5" type="stmt"/>
          <line num="9" count="2" type="stmt"/>
          <line num="10" count="4" type="cond" truecount="2" falsecount="0"/>
          <line num="13" count="2" type="stmt"/>
          <line num="14" count="1" type="stmt"/>
          <line num="17" count="2" type="stmt"/>
          <line num="18" count="2" type="stmt"/>
        </file>
      </package>
      <package name="hash">
        <metrics statements="40" coveredstatements="40" conditionals="6" coveredconditionals="6" methods="17" coveredmethods="17"/>
        <file name="actionTypes.js" path="/Users/miguelmartin/projects/reduken/src/hash/actionTypes.js">
          <metrics statements="6" coveredstatements="6" conditionals="0" coveredconditionals="0" methods="0" coveredmethods="0"/>
          <line num="1" count="2" type="stmt"/>
          <line num="2" count="2" type="stmt"/>
          <line num="3" count="2" type="stmt"/>
          <line num="4" count="2" type="stmt"/>
          <line num="5" count="2" type="stmt"/>
          <line num="6" count="2" type="stmt"/>
        </file>
        <file name="actions.js" path="/Users/miguelmartin/projects/reduken/src/hash/actions.js">
          <metrics statements="5" coveredstatements="5" conditionals="0" coveredconditionals="0" methods="5" coveredmethods="5"/>
          <line num="12" count="1" type="stmt"/>
          <line num="22" count="1" type="stmt"/>
          <line num="37" count="1" type="stmt"/>
          <line num="47" count="1" type="stmt"/>
          <line num="62" count="1" type="stmt"/>
        </file>
        <file name="index.js" path="/Users/miguelmartin/projects/reduken/src/hash/index.js">
          <metrics statements="15" coveredstatements="15" conditionals="4" coveredconditionals="4" methods="6" coveredmethods="6"/>
          <line num="7" count="2" type="stmt"/>
          <line num="11" count="2" type="stmt"/>
          <line num="12" count="2" type="stmt"/>
          <line num="15" count="1" type="stmt"/>
          <line num="16" count="1" type="stmt"/>
          <line num="19" count="1" type="stmt"/>
          <line num="20" count="1" type="stmt"/>
          <line num="23" count="5" type="stmt"/>
          <line num="24" count="5" type="cond" truecount="2" falsecount="0"/>
          <line num="25" count="4" type="stmt"/>
          <line num="26" count="4" type="cond" truecount="2" falsecount="0"/>
          <line num="29" count="1" type="stmt"/>
          <line num="33" count="2" type="stmt"/>
          <line num="34" count="2" type="stmt"/>
          <line num="35" count="2" type="stmt"/>
        </file>
        <file name="selectors.js" path="/Users/miguelmartin/projects/reduken/src/hash/selectors.js">
          <metrics statements="14" coveredstatements="14" conditionals="2" coveredconditionals="2" methods="6" coveredmethods="6"/>
          <line num="4" count="3" type="stmt"/>
          <line num="5" count="10" type="stmt"/>
          <line num="13" count="3" type="stmt"/>
          <line num="14" count="3" type="stmt"/>
          <line num="15" count="3" type="stmt"/>
          <line num="18" count="3" type="stmt"/>
          <line num="19" count="2" type="stmt"/>
          <line num="20" count="2" type="stmt"/>
          <line num="23" count="3" type="stmt"/>
          <line num="24" count="3" type="cond" truecount="2" falsecount="0"/>
          <line num="27" count="3" type="stmt"/>
          <line num="28" count="2" type="stmt"/>
          <line num="31" count="3" type="stmt"/>
          <line num="32" count="2" type="stmt"/>
        </file>
      </package>
      <package name="lib">
        <metrics statements="12" coveredstatements="11" conditionals="7" coveredconditionals="6" methods="6" coveredmethods="6"/>
        <file name="batchReducer.js" path="/Users/miguelmartin/projects/reduken/src/lib/batchReducer.js">
          <metrics statements="8" coveredstatements="7" conditionals="4" coveredconditionals="3" methods="4" coveredmethods="4"/>
          <line num="2" count="1" type="stmt"/>
          <line num="5" count="1" type="stmt"/>
          <line num="6" count="1" type="cond" truecount="1" falsecount="1"/>
          <line num="7" count="1" type="stmt"/>
          <line num="9" count="0" type="stmt"/>
          <line num="14" count="2" type="stmt"/>
          <line num="15" count="8" type="cond" truecount="2" falsecount="0"/>
          <line num="18" count="2" type="stmt"/>
        </file>
        <file name="buildReducer.js" path="/Users/miguelmartin/projects/reduken/src/lib/buildReducer.js">
          <metrics statements="4" coveredstatements="4" conditionals="3" coveredconditionals="3" methods="2" coveredmethods="2"/>
          <line num="2" count="6" type="cond" truecount="1" falsecount="0"/>
          <line num="3" count="45" type="stmt"/>
          <line num="4" count="45" type="cond" truecount="2" falsecount="0"/>
          <line num="5" count="42" type="stmt"/>
        </file>
      </package>
      <package name="list">
        <metrics statements="80" coveredstatements="76" conditionals="39" coveredconditionals="28" methods="26" coveredmethods="25"/>
        <file name="actionTypes.js" path="/Users/miguelmartin/projects/reduken/src/list/actionTypes.js">
          <metrics statements="9" coveredstatements="9" conditionals="0" coveredconditionals="0" methods="0" coveredmethods="0"/>
          <line num="1" count="2" type="stmt"/>
          <line num="2" count="2" type="stmt"/>
          <line num="3" count="2" type="stmt"/>
          <line num="4" count="2" type="stmt"/>
          <line num="5" count="2" type="stmt"/>
          <line num="6" count="2" type="stmt"/>
          <line num="7" count="2" type="stmt"/>
          <line num="8" count="2" type="stmt"/>
          <line num="9" count="2" type="stmt"/>
        </file>
        <file name="actions.js" path="/Users/miguelmartin/projects/reduken/src/list/actions.js">
          <metrics statements="9" coveredstatements="7" conditionals="1" coveredconditionals="1" methods="8" coveredmethods="7"/>
          <line num="5" count="1" type="stmt"/>
          <line num="15" count="1" type="stmt"/>
          <line num="25" count="1" type="stmt"/>
          <line num="34" count="1" type="stmt"/>
          <line num="43" count="1" type="stmt"/>
          <line num="54" count="0" type="stmt"/>
          <line num="58" count="0" type="stmt"/>
          <line num="68" count="1" type="stmt"/>
          <line num="79" count="2" type="stmt"/>
        </file>
        <file name="index.js" path="/Users/miguelmartin/projects/reduken/src/list/index.js">
          <metrics statements="48" coveredstatements="46" conditionals="34" coveredconditionals="24" methods="13" coveredmethods="13"/>
          <line num="8" count="3" type="cond" truecount="2" falsecount="0"/>
          <line num="9" count="7" type="stmt"/>
          <line num="11" count="2" type="cond" truecount="2" falsecount="0"/>
          <line num="12" count="1" type="stmt"/>
          <line num="13" count="1" type="stmt"/>
          <line num="14" count="7" type="cond" truecount="4" falsecount="0"/>
          <line num="15" count="2" type="stmt"/>
          <line num="16" count="2" type="stmt"/>
          <line num="18" count="5" type="stmt"/>
          <line num="21" count="1" type="cond" truecount="1" falsecount="1"/>
          <line num="22" count="1" type="stmt"/>
          <line num="23" count="1" type="stmt"/>
          <line num="26" count="7" type="cond" truecount="4" falsecount="0"/>
          <line num="27" count="2" type="stmt"/>
          <line num="28" count="2" type="stmt"/>
          <line num="30" count="5" type="stmt"/>
          <line num="37" count="1" type="stmt"/>
          <line num="40" count="1" type="stmt"/>
          <line num="43" count="1" type="stmt"/>
          <line num="44" count="1" type="cond" truecount="2" falsecount="0"/>
          <line num="45" count="1" type="stmt"/>
          <line num="48" count="1" type="stmt"/>
          <line num="49" count="1" type="cond" truecount="1" falsecount="1"/>
          <line num="50" count="1" type="stmt"/>
          <line num="53" count="1" type="stmt"/>
          <line num="54" count="1" type="cond" truecount="1" falsecount="1"/>
          <line num="55" count="1" type="stmt"/>
          <line num="58" count="1" type="stmt"/>
          <line num="59" count="1" type="cond" truecount="1" falsecount="1"/>
          <line num="60" count="1" type="stmt"/>
          <line num="63" count="2" type="stmt"/>
          <line num="64" count="2" type="cond" truecount="2" falsecount="0"/>
          <line num="65" count="2" type="cond" truecount="2" falsecount="0"/>
          <line num="66" count="1" type="stmt"/>
          <line num="69" count="1" type="stmt"/>
          <line num="71" count="1" type="stmt"/>
          <line num="72" count="1" type="stmt"/>
          <line num="73" count="1" type="stmt"/>
          <line num="76" count="2" type="stmt"/>
          <line num="77" count="2" type="stmt"/>
          <line num="80" count="3" type="stmt"/>
          <line num="81" count="3" type="cond" truecount="1" falsecount="1"/>
          <line num="82" count="0" type="stmt"/>
          <line num="84" count="3" type="stmt"/>
          <line num="87" count="1" type="stmt"/>
          <line num="88" count="1" type="cond" truecount="1" falsecount="1"/>
          <line num="89" count="0" type="stmt"/>
          <line num="91" count="1" type="stmt"/>
        </file>
        <file name="selectors.js" path="/Users/miguelmartin/projects/reduken/src/list/selectors.js">
          <metrics statements="14" coveredstatements="14" conditionals="4" coveredconditionals="3" methods="5" coveredmethods="5"/>
          <line num="3" count="5" type="stmt"/>
          <line num="5" count="2" type="stmt"/>
          <line num="6" count="5" type="cond" truecount="1" falsecount="1"/>
          <line num="9" count="2" type="stmt"/>
          <line num="10" count="1" type="stmt"/>
          <line num="11" count="1" type="stmt"/>
          <line num="14" count="2" type="stmt"/>
          <line num="15" count="3" type="stmt"/>
          <line num="16" count="3" type="cond" truecount="2" falsecount="0"/>
          <line num="17" count="1" type="stmt"/>
          <line num="19" count="2" type="stmt"/>
          <line num="22" count="2" type="stmt"/>
          <line num="23" count="1" type="stmt"/>
          <line num="24" count="1" type="stmt"/>
        </file>
      </package>
      <package name="set">
        <metrics statements="64" coveredstatements="64" conditionals="20" coveredconditionals="16" methods="35" coveredmethods="35"/>
        <file name="actionTypes.js" path="/Users/miguelmartin/projects/reduken/src/set/actionTypes.js">
          <metrics statements="7" coveredstatements="7" conditionals="0" coveredconditionals="0" methods="0" coveredmethods="0"/>
          <line num="1" count="2" type="stmt"/>
          <line num="2" count="2" type="stmt"/>
          <line num="3" count="2" type="stmt"/>
          <line num="4" count="2" type="stmt"/>
          <line num="5" count="2" type="stmt"/>
          <line num="6" count="2" type="stmt"/>
          <line num="7" count="2" type="stmt"/>
        </file>
        <file name="actions.js" path="/Users/miguelmartin/projects/reduken/src/set/actions.js">
          <metrics statements="12" coveredstatements="12" conditionals="4" coveredconditionals="4" methods="8" coveredmethods="8"/>
          <line num="4" count="3" type="stmt"/>
          <line num="5" count="5" type="cond" truecount="2" falsecount="0"/>
          <line num="6" count="1" type="stmt"/>
          <line num="8" count="3" type="stmt"/>
          <line num="18" count="2" type="stmt"/>
          <line num="19" count="2" type="cond" truecount="2" falsecount="0"/>
          <line num="20" count="1" type="stmt"/>
          <line num="22" count="2" type="stmt"/>
          <line num="32" count="1" type="stmt"/>
          <line num="42" count="1" type="stmt"/>
          <line num="52" count="1" type="stmt"/>
          <line num="62" count="1" type="stmt"/>
        </file>
        <file name="index.js" path="/Users/miguelmartin/projects/reduken/src/set/index.js">
          <metrics statements="31" coveredstatements="31" conditionals="14" coveredconditionals="10" methods="21" coveredmethods="21"/>
          <line num="7" count="15" type="cond" truecount="2" falsecount="0"/>
          <line num="8" count="11" type="stmt"/>
          <line num="10" count="4" type="stmt"/>
          <line num="14" count="14" type="stmt"/>
          <line num="18" count="1" type="stmt"/>
          <line num="19" count="2" type="stmt"/>
          <line num="24" count="1" type="stmt"/>
          <line num="25" count="1" type="stmt"/>
          <line num="26" count="7" type="stmt"/>
          <line num="31" count="2" type="stmt"/>
          <line num="32" count="5" type="cond" truecount="2" falsecount="0"/>
          <line num="33" count="1" type="stmt"/>
          <line num="35" count="1" type="stmt"/>
          <line num="36" count="5" type="stmt"/>
          <line num="42" count="2" type="stmt"/>
          <line num="43" count="2" type="stmt"/>
          <line num="49" count="1" type="stmt"/>
          <line num="50" count="1" type="stmt"/>
          <line num="56" count="1" type="stmt"/>
          <line num="57" count="1" type="stmt"/>
          <line num="59" count="2" type="cond" truecount="1" falsecount="1"/>
          <line num="63" count="1" type="stmt"/>
          <line num="64" count="1" type="stmt"/>
          <line num="66" count="3" type="cond" truecount="1" falsecount="1"/>
          <line num="70" count="2" type="stmt"/>
          <line num="71" count="2" type="stmt"/>
          <line num="73" count="5" type="cond" truecount="1" falsecount="1"/>
          <line num="77" count="2" type="stmt"/>
          <line num="78" count="2" type="cond" truecount="2" falsecount="0"/>
          <line num="79" count="1" type="stmt"/>
          <line num="81" count="1" type="stmt"/>
        </file>
        <file name="selectors.js" path="/Users/miguelmartin/projects/reduken/src/set/selectors.js">
          <metrics statements="14" coveredstatements="14" conditionals="2" coveredconditionals="2" methods="6" coveredmethods="6"/>
          <line num="3" count="33" type="stmt"/>
          <line num="5" count="2" type="stmt"/>
          <line num="6" count="33" type="cond" truecount="2" falsecount="0"/>
          <line num="8" count="2" type="stmt"/>
          <line num="9" count="3" type="stmt"/>
          <line num="12" count="2" type="stmt"/>
          <line num="13" count="3" type="stmt"/>
          <line num="14" count="3" type="stmt"/>
          <line num="17" count="2" type="stmt"/>
          <line num="18" count="1" type="stmt"/>
          <line num="21" count="2" type="stmt"/>
          <line num="22" count="26" type="stmt"/>
          <line num="23" count="26" type="stmt"/>
          <line num="24" count="26" type="stmt"/>
        </file>
      </package>
    </metrics>
  </project>
</coverage>
