{"/Users/miguelmartin/projects/reduken/src/entities/actionTypes.js": {"path":"/Users/miguelmartin/projects/reduken/src/entities/actionTypes.js","statementMap":{"0":{"start":{"line":1,"column":12},"end":{"line":1,"column":22}},"1":{"start":{"line":4,"column":21},"end":{"line":4,"column":35}},"2":{"start":{"line":6,"column":22},"end":{"line":6,"column":37}},"3":{"start":{"line":8,"column":26},"end":{"line":8,"column":45}},"4":{"start":{"line":10,"column":21},"end":{"line":10,"column":35}},"5":{"start":{"line":12,"column":22},"end":{"line":12,"column":37}}},"fnMap":{},"branchMap":{},"s":{"0":2,"1":2,"2":2,"3":2,"4":2,"5":2},"f":{},"b":{},"_coverageSchema":"332fd63041d2c1bcb487cc26dd0d5f7d97098a6c","hash":"eb56f55613cfe76fd91954b5474694d27d921e8a"}
,"/Users/miguelmartin/projects/reduken/src/entities/actions.js": {"path":"/Users/miguelmartin/projects/reduken/src/entities/actions.js","statementMap":{"0":{"start":{"line":4,"column":2},"end":{"line":7,"column":3}},"1":{"start":{"line":14,"column":2},"end":{"line":20,"column":3}},"2":{"start":{"line":25,"column":2},"end":{"line":25,"column":34}},"3":{"start":{"line":30,"column":2},"end":{"line":35,"column":3}},"4":{"start":{"line":40,"column":2},"end":{"line":42,"column":3}},"5":{"start":{"line":46,"column":2},"end":{"line":53,"column":3}}},"fnMap":{"0":{"name":"mergeEntities","decl":{"start":{"line":3,"column":16},"end":{"line":3,"column":29}},"loc":{"start":{"line":3,"column":41},"end":{"line":8,"column":1}},"line":3},"1":{"name":"removeMany","decl":{"start":{"line":13,"column":16},"end":{"line":13,"column":26}},"loc":{"start":{"line":13,"column":41},"end":{"line":21,"column":1}},"line":13},"2":{"name":"removeOne","decl":{"start":{"line":24,"column":16},"end":{"line":24,"column":25}},"loc":{"start":{"line":24,"column":39},"end":{"line":26,"column":1}},"line":24},"3":{"name":"removeAll","decl":{"start":{"line":29,"column":16},"end":{"line":29,"column":25}},"loc":{"start":{"line":29,"column":34},"end":{"line":36,"column":1}},"line":29},"4":{"name":"reset","decl":{"start":{"line":39,"column":16},"end":{"line":39,"column":21}},"loc":{"start":{"line":39,"column":24},"end":{"line":43,"column":1}},"line":39},"5":{"name":"update","decl":{"start":{"line":45,"column":16},"end":{"line":45,"column":22}},"loc":{"start":{"line":45,"column":41},"end":{"line":54,"column":1}},"line":45}},"branchMap":{},"s":{"0":4,"1":2,"2":1,"3":1,"4":1,"5":2},"f":{"0":4,"1":2,"2":1,"3":1,"4":1,"5":2},"b":{},"_coverageSchema":"332fd63041d2c1bcb487cc26dd0d5f7d97098a6c","hash":"a83dcaf321ec758e09f125bac70d0c2de8571424"}
,"/Users/miguelmartin/projects/reduken/src/entities/index.js": {"path":"/Users/miguelmartin/projects/reduken/src/entities/index.js","statementMap":{"0":{"start":{"line":8,"column":21},"end":{"line":8,"column":23}},"1":{"start":{"line":9,"column":16},"end":{"line":44,"column":1}},"2":{"start":{"line":11,"column":4},"end":{"line":19,"column":13}},"3":{"start":{"line":12,"column":6},"end":{"line":18,"column":7}},"4":{"start":{"line":22,"column":29},"end":{"line":22,"column":36}},"5":{"start":{"line":23,"column":4},"end":{"line":26,"column":5}},"6":{"start":{"line":29,"column":4},"end":{"line":29,"column":38}},"7":{"start":{"line":32,"column":4},"end":{"line":32,"column":23}},"8":{"start":{"line":35,"column":33},"end":{"line":35,"column":40}},"9":{"start":{"line":36,"column":21},"end":{"line":36,"column":56}},"10":{"start":{"line":38,"column":19},"end":{"line":41,"column":5}},"11":{"start":{"line":42,"column":4},"end":{"line":42,"column":48}}},"fnMap":{"0":{"name":"(anonymous_0)","decl":{"start":{"line":10,"column":23},"end":{"line":10,"column":24}},"loc":{"start":{"line":10,"column":47},"end":{"line":20,"column":3}},"line":10},"1":{"name":"(anonymous_1)","decl":{"start":{"line":11,"column":39},"end":{"line":11,"column":40}},"loc":{"start":{"line":11,"column":56},"end":{"line":19,"column":5}},"line":11},"2":{"name":"(anonymous_2)","decl":{"start":{"line":21,"column":24},"end":{"line":21,"column":25}},"loc":{"start":{"line":21,"column":48},"end":{"line":27,"column":3}},"line":21},"3":{"name":"(anonymous_3)","decl":{"start":{"line":28,"column":28},"end":{"line":28,"column":29}},"loc":{"start":{"line":28,"column":52},"end":{"line":30,"column":3}},"line":28},"4":{"name":"(anonymous_4)","decl":{"start":{"line":31,"column":23},"end":{"line":31,"column":24}},"loc":{"start":{"line":31,"column":29},"end":{"line":33,"column":3}},"line":31},"5":{"name":"(anonymous_5)","decl":{"start":{"line":34,"column":24},"end":{"line":34,"column":25}},"loc":{"start":{"line":34,"column":48},"end":{"line":43,"column":3}},"line":34}},"branchMap":{"0":{"loc":{"start":{"line":36,"column":21},"end":{"line":36,"column":56}},"type":"binary-expr","locations":[{"start":{"line":36,"column":21},"end":{"line":36,"column":50}},{"start":{"line":36,"column":54},"end":{"line":36,"column":56}}],"line":36}},"s":{"0":2,"1":2,"2":4,"3":5,"4":2,"5":2,"6":1,"7":1,"8":2,"9":2,"10":2,"11":2},"f":{"0":4,"1":5,"2":2,"3":1,"4":1,"5":2},"b":{"0":[2,1]},"_coverageSchema":"332fd63041d2c1bcb487cc26dd0d5f7d97098a6c","hash":"c3c344f01a4c8df482815e04f4d3adf7135434e6"}
,"/Users/miguelmartin/projects/reduken/src/entities/selectors.js": {"path":"/Users/miguelmartin/projects/reduken/src/entities/selectors.js","statementMap":{"0":{"start":{"line":4,"column":21},"end":{"line":4,"column":23}},"1":{"start":{"line":7,"column":27},"end":{"line":7,"column":57}},"2":{"start":{"line":7,"column":42},"end":{"line":7,"column":56}},"3":{"start":{"line":9,"column":25},"end":{"line":11,"column":2}},"4":{"start":{"line":10,"column":2},"end":{"line":10,"column":51}},"5":{"start":{"line":13,"column":23},"end":{"line":15,"column":2}},"6":{"start":{"line":14,"column":2},"end":{"line":14,"column":37}},"7":{"start":{"line":17,"column":22},"end":{"line":19,"column":1}},"8":{"start":{"line":18,"column":2},"end":{"line":18,"column":47}},"9":{"start":{"line":18,"column":41},"end":{"line":18,"column":46}}},"fnMap":{"0":{"name":"(anonymous_0)","decl":{"start":{"line":7,"column":33},"end":{"line":7,"column":34}},"loc":{"start":{"line":7,"column":42},"end":{"line":7,"column":56}},"line":7},"1":{"name":"(anonymous_1)","decl":{"start":{"line":9,"column":31},"end":{"line":9,"column":32}},"loc":{"start":{"line":9,"column":55},"end":{"line":11,"column":1}},"line":9},"2":{"name":"(anonymous_2)","decl":{"start":{"line":13,"column":29},"end":{"line":13,"column":30}},"loc":{"start":{"line":13,"column":57},"end":{"line":15,"column":1}},"line":13},"3":{"name":"(anonymous_3)","decl":{"start":{"line":17,"column":28},"end":{"line":17,"column":29}},"loc":{"start":{"line":18,"column":2},"end":{"line":18,"column":47}},"line":18},"4":{"name":"(anonymous_4)","decl":{"start":{"line":18,"column":32},"end":{"line":18,"column":33}},"loc":{"start":{"line":18,"column":41},"end":{"line":18,"column":46}},"line":18}},"branchMap":{"0":{"loc":{"start":{"line":10,"column":9},"end":{"line":10,"column":51}},"type":"binary-expr","locations":[{"start":{"line":10,"column":9},"end":{"line":10,"column":35}},{"start":{"line":10,"column":39},"end":{"line":10,"column":51}}],"line":10}},"s":{"0":2,"1":2,"2":5,"3":2,"4":4,"5":2,"6":1,"7":2,"8":1,"9":2},"f":{"0":5,"1":4,"2":1,"3":1,"4":2},"b":{"0":[4,1]},"_coverageSchema":"332fd63041d2c1bcb487cc26dd0d5f7d97098a6c","hash":"2cb989d786f763366bf8b767772243d899a62041"}
,"/Users/miguelmartin/projects/reduken/src/hash/actionTypes.js": {"path":"/Users/miguelmartin/projects/reduken/src/hash/actionTypes.js","statementMap":{"0":{"start":{"line":1,"column":12},"end":{"line":1,"column":23}},"1":{"start":{"line":2,"column":20},"end":{"line":2,"column":33}},"2":{"start":{"line":3,"column":20},"end":{"line":3,"column":33}},"3":{"start":{"line":4,"column":21},"end":{"line":4,"column":35}},"4":{"start":{"line":5,"column":23},"end":{"line":5,"column":39}},"5":{"start":{"line":6,"column":23},"end":{"line":6,"column":39}}},"fnMap":{},"branchMap":{},"s":{"0":2,"1":2,"2":2,"3":2,"4":2,"5":2},"f":{},"b":{},"_coverageSchema":"332fd63041d2c1bcb487cc26dd0d5f7d97098a6c","hash":"fa27cf35094c5c27439598d0383beb2e22a32ae3"}
,"/Users/miguelmartin/projects/reduken/src/hash/actions.js": {"path":"/Users/miguelmartin/projects/reduken/src/hash/actions.js","statementMap":{"0":{"start":{"line":12,"column":2},"end":{"line":18,"column":3}},"1":{"start":{"line":22,"column":2},"end":{"line":27,"column":3}},"2":{"start":{"line":37,"column":2},"end":{"line":43,"column":3}},"3":{"start":{"line":47,"column":2},"end":{"line":53,"column":3}},"4":{"start":{"line":62,"column":2},"end":{"line":67,"column":3}}},"fnMap":{"0":{"name":"hset","decl":{"start":{"line":11,"column":16},"end":{"line":11,"column":20}},"loc":{"start":{"line":11,"column":45},"end":{"line":19,"column":1}},"line":11},"1":{"name":"hdel","decl":{"start":{"line":21,"column":16},"end":{"line":21,"column":20}},"loc":{"start":{"line":21,"column":38},"end":{"line":28,"column":1}},"line":21},"2":{"name":"hmset","decl":{"start":{"line":36,"column":16},"end":{"line":36,"column":21}},"loc":{"start":{"line":36,"column":35},"end":{"line":44,"column":1}},"line":36},"3":{"name":"hincrby","decl":{"start":{"line":46,"column":16},"end":{"line":46,"column":23}},"loc":{"start":{"line":46,"column":44},"end":{"line":54,"column":1}},"line":46},"4":{"name":"htoggle","decl":{"start":{"line":61,"column":16},"end":{"line":61,"column":23}},"loc":{"start":{"line":61,"column":37},"end":{"line":68,"column":1}},"line":61}},"branchMap":{},"s":{"0":1,"1":1,"2":1,"3":1,"4":1},"f":{"0":1,"1":1,"2":1,"3":1,"4":1},"b":{},"_coverageSchema":"332fd63041d2c1bcb487cc26dd0d5f7d97098a6c","hash":"ed2d2c704b0d683f6063d2d2311a688955ef5d3c"}
,"/Users/miguelmartin/projects/reduken/src/hash/index.js": {"path":"/Users/miguelmartin/projects/reduken/src/hash/index.js","statementMap":{"0":{"start":{"line":7,"column":16},"end":{"line":38,"column":1}},"1":{"start":{"line":11,"column":30},"end":{"line":11,"column":44}},"2":{"start":{"line":12,"column":6},"end":{"line":12,"column":44}},"3":{"start":{"line":15,"column":23},"end":{"line":15,"column":37}},"4":{"start":{"line":16,"column":6},"end":{"line":16,"column":40}},"5":{"start":{"line":19,"column":30},"end":{"line":19,"column":44}},"6":{"start":{"line":20,"column":6},"end":{"line":20,"column":46}},"7":{"start":{"line":23,"column":30},"end":{"line":23,"column":44}},"8":{"start":{"line":24,"column":6},"end":{"line":30,"column":7}},"9":{"start":{"line":25,"column":8},"end":{"line":27,"column":10}},"10":{"start":{"line":26,"column":10},"end":{"line":26,"column":41}},"11":{"start":{"line":29,"column":8},"end":{"line":29,"column":46}},"12":{"start":{"line":33,"column":23},"end":{"line":33,"column":37}},"13":{"start":{"line":34,"column":27},"end":{"line":34,"column":60}},"14":{"start":{"line":35,"column":6},"end":{"line":35,"column":52}}},"fnMap":{"0":{"name":"(anonymous_0)","decl":{"start":{"line":10,"column":24},"end":{"line":10,"column":25}},"loc":{"start":{"line":10,"column":43},"end":{"line":13,"column":5}},"line":10},"1":{"name":"(anonymous_1)","decl":{"start":{"line":14,"column":24},"end":{"line":14,"column":25}},"loc":{"start":{"line":14,"column":43},"end":{"line":17,"column":5}},"line":14},"2":{"name":"(anonymous_2)","decl":{"start":{"line":18,"column":25},"end":{"line":18,"column":26}},"loc":{"start":{"line":18,"column":44},"end":{"line":21,"column":5}},"line":18},"3":{"name":"(anonymous_3)","decl":{"start":{"line":22,"column":27},"end":{"line":22,"column":28}},"loc":{"start":{"line":22,"column":46},"end":{"line":31,"column":5}},"line":22},"4":{"name":"(anonymous_4)","decl":{"start":{"line":25,"column":40},"end":{"line":25,"column":41}},"loc":{"start":{"line":25,"column":45},"end":{"line":27,"column":9}},"line":25},"5":{"name":"(anonymous_5)","decl":{"start":{"line":32,"column":27},"end":{"line":32,"column":28}},"loc":{"start":{"line":32,"column":46},"end":{"line":36,"column":5}},"line":32}},"branchMap":{"0":{"loc":{"start":{"line":24,"column":6},"end":{"line":30,"column":7}},"type":"if","locations":[{"start":{"line":24,"column":6},"end":{"line":30,"column":7}},{"start":{"line":24,"column":6},"end":{"line":30,"column":7}}],"line":24},"1":{"loc":{"start":{"line":26,"column":18},"end":{"line":26,"column":32}},"type":"binary-expr","locations":[{"start":{"line":26,"column":18},"end":{"line":26,"column":27}},{"start":{"line":26,"column":31},"end":{"line":26,"column":32}}],"line":26}},"s":{"0":2,"1":2,"2":2,"3":1,"4":1,"5":1,"6":1,"7":5,"8":5,"9":4,"10":4,"11":1,"12":2,"13":2,"14":2},"f":{"0":2,"1":1,"2":1,"3":5,"4":4,"5":2},"b":{"0":[4,1],"1":[4,1]},"_coverageSchema":"332fd63041d2c1bcb487cc26dd0d5f7d97098a6c","hash":"a3327846474d7d600a8f1d1704bdd11678570e02"}
,"/Users/miguelmartin/projects/reduken/src/hash/selectors.js": {"path":"/Users/miguelmartin/projects/reduken/src/hash/selectors.js","statementMap":{"0":{"start":{"line":4,"column":21},"end":{"line":4,"column":23}},"1":{"start":{"line":5,"column":13},"end":{"line":5,"column":32}},"2":{"start":{"line":5,"column":22},"end":{"line":5,"column":32}},"3":{"start":{"line":13,"column":20},"end":{"line":16,"column":2}},"4":{"start":{"line":14,"column":15},"end":{"line":14,"column":26}},"5":{"start":{"line":15,"column":2},"end":{"line":15,"column":41}},"6":{"start":{"line":18,"column":23},"end":{"line":21,"column":2}},"7":{"start":{"line":19,"column":15},"end":{"line":19,"column":26}},"8":{"start":{"line":20,"column":2},"end":{"line":20,"column":24}},"9":{"start":{"line":23,"column":21},"end":{"line":25,"column":2}},"10":{"start":{"line":24,"column":2},"end":{"line":24,"column":60}},"11":{"start":{"line":27,"column":20},"end":{"line":29,"column":2}},"12":{"start":{"line":28,"column":2},"end":{"line":28,"column":34}},"13":{"start":{"line":31,"column":23},"end":{"line":33,"column":2}},"14":{"start":{"line":32,"column":2},"end":{"line":32,"column":57}}},"fnMap":{"0":{"name":"(anonymous_0)","decl":{"start":{"line":5,"column":13},"end":{"line":5,"column":14}},"loc":{"start":{"line":5,"column":22},"end":{"line":5,"column":32}},"line":5},"1":{"name":"hget","decl":{"start":{"line":13,"column":35},"end":{"line":13,"column":39}},"loc":{"start":{"line":13,"column":58},"end":{"line":16,"column":1}},"line":13},"2":{"name":"(anonymous_2)","decl":{"start":{"line":18,"column":29},"end":{"line":18,"column":30}},"loc":{"start":{"line":18,"column":51},"end":{"line":21,"column":1}},"line":18},"3":{"name":"hkeys","decl":{"start":{"line":23,"column":36},"end":{"line":23,"column":41}},"loc":{"start":{"line":23,"column":55},"end":{"line":25,"column":1}},"line":23},"4":{"name":"hlen","decl":{"start":{"line":27,"column":35},"end":{"line":27,"column":39}},"loc":{"start":{"line":27,"column":53},"end":{"line":29,"column":1}},"line":27},"5":{"name":"hexists","decl":{"start":{"line":31,"column":38},"end":{"line":31,"column":45}},"loc":{"start":{"line":31,"column":64},"end":{"line":33,"column":1}},"line":31}},"branchMap":{"0":{"loc":{"start":{"line":24,"column":21},"end":{"line":24,"column":59}},"type":"binary-expr","locations":[{"start":{"line":24,"column":21},"end":{"line":24,"column":43}},{"start":{"line":24,"column":47},"end":{"line":24,"column":59}}],"line":24}},"s":{"0":3,"1":3,"2":10,"3":3,"4":3,"5":3,"6":3,"7":2,"8":2,"9":3,"10":3,"11":3,"12":2,"13":3,"14":2},"f":{"0":10,"1":3,"2":2,"3":3,"4":2,"5":2},"b":{"0":[3,1]},"_coverageSchema":"332fd63041d2c1bcb487cc26dd0d5f7d97098a6c","hash":"fa69e25e5335af4456e00d32c0bb77e4f7d343c8"}
,"/Users/miguelmartin/projects/reduken/src/lib/batchReducer.js": {"path":"/Users/miguelmartin/projects/reduken/src/lib/batchReducer.js","statementMap":{"0":{"start":{"line":2,"column":21},"end":{"line":2,"column":33}},"1":{"start":{"line":5,"column":2},"end":{"line":10,"column":3}},"2":{"start":{"line":6,"column":4},"end":{"line":8,"column":5}},"3":{"start":{"line":7,"column":6},"end":{"line":7,"column":50}},"4":{"start":{"line":9,"column":4},"end":{"line":9,"column":33}},"5":{"start":{"line":14,"column":2},"end":{"line":17,"column":3}},"6":{"start":{"line":15,"column":49},"end":{"line":15,"column":70}},"7":{"start":{"line":18,"column":2},"end":{"line":21,"column":3}}},"fnMap":{"0":{"name":"batchReducer","decl":{"start":{"line":4,"column":16},"end":{"line":4,"column":28}},"loc":{"start":{"line":4,"column":38},"end":{"line":11,"column":1}},"line":4},"1":{"name":"(anonymous_1)","decl":{"start":{"line":5,"column":9},"end":{"line":5,"column":10}},"loc":{"start":{"line":5,"column":33},"end":{"line":10,"column":3}},"line":5},"2":{"name":"batch","decl":{"start":{"line":13,"column":16},"end":{"line":13,"column":21}},"loc":{"start":{"line":13,"column":31},"end":{"line":22,"column":1}},"line":13},"3":{"name":"(anonymous_3)","decl":{"start":{"line":15,"column":44},"end":{"line":15,"column":45}},"loc":{"start":{"line":15,"column":49},"end":{"line":15,"column":70}},"line":15}},"branchMap":{"0":{"loc":{"start":{"line":6,"column":4},"end":{"line":8,"column":5}},"type":"if","locations":[{"start":{"line":6,"column":4},"end":{"line":8,"column":5}},{"start":{"line":6,"column":4},"end":{"line":8,"column":5}}],"line":6},"1":{"loc":{"start":{"line":15,"column":4},"end":{"line":15,"column":71}},"type":"binary-expr","locations":[{"start":{"line":15,"column":4},"end":{"line":15,"column":26}},{"start":{"line":15,"column":30},"end":{"line":15,"column":71}}],"line":15}},"s":{"0":1,"1":1,"2":1,"3":1,"4":0,"5":2,"6":8,"7":2},"f":{"0":1,"1":1,"2":2,"3":8},"b":{"0":[1,0],"1":[2,2]},"_coverageSchema":"332fd63041d2c1bcb487cc26dd0d5f7d97098a6c","hash":"3247d3d91b31ff11fc275f71bfae37485125755c"}
,"/Users/miguelmartin/projects/reduken/src/lib/buildReducer.js": {"path":"/Users/miguelmartin/projects/reduken/src/lib/buildReducer.js","statementMap":{"0":{"start":{"line":2,"column":2},"end":{"line":6,"column":3}},"1":{"start":{"line":3,"column":20},"end":{"line":3,"column":41}},"2":{"start":{"line":4,"column":4},"end":{"line":4,"column":30}},"3":{"start":{"line":4,"column":18},"end":{"line":4,"column":30}},"4":{"start":{"line":5,"column":4},"end":{"line":5,"column":33}}},"fnMap":{"0":{"name":"buildReducer","decl":{"start":{"line":1,"column":16},"end":{"line":1,"column":28}},"loc":{"start":{"line":1,"column":53},"end":{"line":7,"column":1}},"line":1},"1":{"name":"(anonymous_1)","decl":{"start":{"line":2,"column":9},"end":{"line":2,"column":10}},"loc":{"start":{"line":2,"column":43},"end":{"line":6,"column":3}},"line":2}},"branchMap":{"0":{"loc":{"start":{"line":2,"column":10},"end":{"line":2,"column":30}},"type":"default-arg","locations":[{"start":{"line":2,"column":18},"end":{"line":2,"column":30}}],"line":2},"1":{"loc":{"start":{"line":4,"column":4},"end":{"line":4,"column":30}},"type":"if","locations":[{"start":{"line":4,"column":4},"end":{"line":4,"column":30}},{"start":{"line":4,"column":4},"end":{"line":4,"column":30}}],"line":4}},"s":{"0":6,"1":45,"2":45,"3":3,"4":42},"f":{"0":6,"1":45},"b":{"0":[12],"1":[3,42]},"_coverageSchema":"332fd63041d2c1bcb487cc26dd0d5f7d97098a6c","hash":"9c3f6a997fefd032cbe659ddb09cf68ef7027576"}
,"/Users/miguelmartin/projects/reduken/src/list/actionTypes.js": {"path":"/Users/miguelmartin/projects/reduken/src/list/actionTypes.js","statementMap":{"0":{"start":{"line":1,"column":12},"end":{"line":1,"column":23}},"1":{"start":{"line":2,"column":21},"end":{"line":2,"column":35}},"2":{"start":{"line":3,"column":21},"end":{"line":3,"column":35}},"3":{"start":{"line":4,"column":20},"end":{"line":4,"column":33}},"4":{"start":{"line":5,"column":20},"end":{"line":5,"column":33}},"5":{"start":{"line":6,"column":20},"end":{"line":6,"column":33}},"6":{"start":{"line":7,"column":20},"end":{"line":7,"column":33}},"7":{"start":{"line":8,"column":24},"end":{"line":8,"column":41}},"8":{"start":{"line":9,"column":21},"end":{"line":9,"column":35}}},"fnMap":{},"branchMap":{},"s":{"0":2,"1":2,"2":2,"3":2,"4":2,"5":2,"6":2,"7":2,"8":2},"f":{},"b":{},"_coverageSchema":"332fd63041d2c1bcb487cc26dd0d5f7d97098a6c","hash":"b6405dc42b4b95327c9b04c1b79904f5d03c6a21"}
,"/Users/miguelmartin/projects/reduken/src/list/actions.js": {"path":"/Users/miguelmartin/projects/reduken/src/list/actions.js","statementMap":{"0":{"start":{"line":5,"column":2},"end":{"line":11,"column":3}},"1":{"start":{"line":15,"column":2},"end":{"line":21,"column":3}},"2":{"start":{"line":25,"column":2},"end":{"line":30,"column":3}},"3":{"start":{"line":34,"column":2},"end":{"line":39,"column":3}},"4":{"start":{"line":43,"column":2},"end":{"line":50,"column":3}},"5":{"start":{"line":54,"column":2},"end":{"line":57,"column":3}},"6":{"start":{"line":58,"column":2},"end":{"line":64,"column":3}},"7":{"start":{"line":68,"column":2},"end":{"line":75,"column":3}},"8":{"start":{"line":79,"column":2},"end":{"line":86,"column":3}}},"fnMap":{"0":{"name":"lpush","decl":{"start":{"line":4,"column":16},"end":{"line":4,"column":21}},"loc":{"start":{"line":4,"column":37},"end":{"line":12,"column":1}},"line":4},"1":{"name":"rpush","decl":{"start":{"line":14,"column":16},"end":{"line":14,"column":21}},"loc":{"start":{"line":14,"column":37},"end":{"line":22,"column":1}},"line":14},"2":{"name":"lpop","decl":{"start":{"line":24,"column":16},"end":{"line":24,"column":20}},"loc":{"start":{"line":24,"column":29},"end":{"line":31,"column":1}},"line":24},"3":{"name":"rpop","decl":{"start":{"line":33,"column":16},"end":{"line":33,"column":20}},"loc":{"start":{"line":33,"column":29},"end":{"line":40,"column":1}},"line":33},"4":{"name":"lset","decl":{"start":{"line":42,"column":16},"end":{"line":42,"column":20}},"loc":{"start":{"line":42,"column":43},"end":{"line":51,"column":1}},"line":42},"5":{"name":"lreplace","decl":{"start":{"line":53,"column":16},"end":{"line":53,"column":24}},"loc":{"start":{"line":53,"column":43},"end":{"line":65,"column":1}},"line":53},"6":{"name":"lrem","decl":{"start":{"line":67,"column":16},"end":{"line":67,"column":20}},"loc":{"start":{"line":67,"column":43},"end":{"line":76,"column":1}},"line":67},"7":{"name":"ltrim","decl":{"start":{"line":78,"column":16},"end":{"line":78,"column":21}},"loc":{"start":{"line":78,"column":48},"end":{"line":87,"column":1}},"line":78}},"branchMap":{"0":{"loc":{"start":{"line":78,"column":37},"end":{"line":78,"column":46}},"type":"default-arg","locations":[{"start":{"line":78,"column":44},"end":{"line":78,"column":46}}],"line":78}},"s":{"0":1,"1":1,"2":1,"3":1,"4":1,"5":0,"6":0,"7":1,"8":2},"f":{"0":1,"1":1,"2":1,"3":1,"4":1,"5":0,"6":1,"7":2},"b":{"0":[1]},"_coverageSchema":"332fd63041d2c1bcb487cc26dd0d5f7d97098a6c","hash":"5595111077a423899aeb4ba7604819ecddd4f9fd"}
,"/Users/miguelmartin/projects/reduken/src/list/index.js": {"path":"/Users/miguelmartin/projects/reduken/src/list/index.js","statementMap":{"0":{"start":{"line":8,"column":2},"end":{"line":10,"column":3}},"1":{"start":{"line":9,"column":4},"end":{"line":9,"column":40}},"2":{"start":{"line":9,"column":28},"end":{"line":9,"column":39}},"3":{"start":{"line":11,"column":2},"end":{"line":20,"column":3}},"4":{"start":{"line":12,"column":18},"end":{"line":12,"column":19}},"5":{"start":{"line":13,"column":4},"end":{"line":19,"column":6}},"6":{"start":{"line":14,"column":6},"end":{"line":17,"column":7}},"7":{"start":{"line":15,"column":8},"end":{"line":15,"column":20}},"8":{"start":{"line":16,"column":8},"end":{"line":16,"column":20}},"9":{"start":{"line":18,"column":6},"end":{"line":18,"column":17}},"10":{"start":{"line":21,"column":2},"end":{"line":33,"column":3}},"11":{"start":{"line":22,"column":18},"end":{"line":22,"column":23}},"12":{"start":{"line":23,"column":4},"end":{"line":32,"column":16}},"13":{"start":{"line":26,"column":8},"end":{"line":29,"column":9}},"14":{"start":{"line":27,"column":10},"end":{"line":27,"column":22}},"15":{"start":{"line":28,"column":10},"end":{"line":28,"column":22}},"16":{"start":{"line":30,"column":8},"end":{"line":30,"column":19}},"17":{"start":{"line":37,"column":2},"end":{"line":37,"column":36}},"18":{"start":{"line":40,"column":21},"end":{"line":40,"column":23}},"19":{"start":{"line":43,"column":30},"end":{"line":43,"column":44}},"20":{"start":{"line":44,"column":22},"end":{"line":44,"column":41}},"21":{"start":{"line":45,"column":4},"end":{"line":45,"column":52}},"22":{"start":{"line":48,"column":30},"end":{"line":48,"column":44}},"23":{"start":{"line":49,"column":22},"end":{"line":49,"column":41}},"24":{"start":{"line":50,"column":4},"end":{"line":50,"column":52}},"25":{"start":{"line":53,"column":23},"end":{"line":53,"column":37}},"26":{"start":{"line":54,"column":20},"end":{"line":54,"column":50}},"27":{"start":{"line":55,"column":4},"end":{"line":55,"column":38}},"28":{"start":{"line":58,"column":23},"end":{"line":58,"column":37}},"29":{"start":{"line":59,"column":17},"end":{"line":59,"column":36}},"30":{"start":{"line":60,"column":4},"end":{"line":60,"column":61}},"31":{"start":{"line":63,"column":37},"end":{"line":63,"column":51}},"32":{"start":{"line":64,"column":22},"end":{"line":64,"column":41}},"33":{"start":{"line":65,"column":4},"end":{"line":70,"column":5}},"34":{"start":{"line":66,"column":6},"end":{"line":68,"column":7}},"35":{"start":{"line":69,"column":6},"end":{"line":69,"column":18}},"36":{"start":{"line":71,"column":20},"end":{"line":71,"column":40}},"37":{"start":{"line":72,"column":4},"end":{"line":72,"column":26}},"38":{"start":{"line":73,"column":4},"end":{"line":73,"column":38}},"39":{"start":{"line":76,"column":33},"end":{"line":76,"column":47}},"40":{"start":{"line":77,"column":4},"end":{"line":77,"column":50}},"41":{"start":{"line":80,"column":37},"end":{"line":80,"column":51}},"42":{"start":{"line":81,"column":4},"end":{"line":83,"column":5}},"43":{"start":{"line":82,"column":6},"end":{"line":82,"column":18}},"44":{"start":{"line":84,"column":4},"end":{"line":84,"column":64}},"45":{"start":{"line":87,"column":36},"end":{"line":87,"column":50}},"46":{"start":{"line":88,"column":4},"end":{"line":90,"column":5}},"47":{"start":{"line":89,"column":6},"end":{"line":89,"column":18}},"48":{"start":{"line":91,"column":4},"end":{"line":91,"column":64}}},"fnMap":{"0":{"name":"lrem","decl":{"start":{"line":7,"column":9},"end":{"line":7,"column":13}},"loc":{"start":{"line":7,"column":43},"end":{"line":34,"column":1}},"line":7},"1":{"name":"(anonymous_1)","decl":{"start":{"line":9,"column":23},"end":{"line":9,"column":24}},"loc":{"start":{"line":9,"column":28},"end":{"line":9,"column":39}},"line":9},"2":{"name":"(anonymous_2)","decl":{"start":{"line":13,"column":23},"end":{"line":13,"column":24}},"loc":{"start":{"line":13,"column":40},"end":{"line":19,"column":5}},"line":13},"3":{"name":"(anonymous_3)","decl":{"start":{"line":25,"column":14},"end":{"line":25,"column":15}},"loc":{"start":{"line":25,"column":31},"end":{"line":31,"column":7}},"line":25},"4":{"name":"ltrim","decl":{"start":{"line":36,"column":9},"end":{"line":36,"column":14}},"loc":{"start":{"line":36,"column":47},"end":{"line":38,"column":1}},"line":36},"5":{"name":"(anonymous_5)","decl":{"start":{"line":42,"column":23},"end":{"line":42,"column":24}},"loc":{"start":{"line":42,"column":42},"end":{"line":46,"column":3}},"line":42},"6":{"name":"(anonymous_6)","decl":{"start":{"line":47,"column":23},"end":{"line":47,"column":24}},"loc":{"start":{"line":47,"column":42},"end":{"line":51,"column":3}},"line":47},"7":{"name":"(anonymous_7)","decl":{"start":{"line":52,"column":22},"end":{"line":52,"column":23}},"loc":{"start":{"line":52,"column":41},"end":{"line":56,"column":3}},"line":52},"8":{"name":"(anonymous_8)","decl":{"start":{"line":57,"column":22},"end":{"line":57,"column":23}},"loc":{"start":{"line":57,"column":41},"end":{"line":61,"column":3}},"line":57},"9":{"name":"(anonymous_9)","decl":{"start":{"line":62,"column":22},"end":{"line":62,"column":23}},"loc":{"start":{"line":62,"column":41},"end":{"line":74,"column":3}},"line":62},"10":{"name":"(anonymous_10)","decl":{"start":{"line":75,"column":26},"end":{"line":75,"column":27}},"loc":{"start":{"line":75,"column":45},"end":{"line":78,"column":3}},"line":75},"11":{"name":"(anonymous_11)","decl":{"start":{"line":79,"column":22},"end":{"line":79,"column":23}},"loc":{"start":{"line":79,"column":41},"end":{"line":85,"column":3}},"line":79},"12":{"name":"(anonymous_12)","decl":{"start":{"line":86,"column":23},"end":{"line":86,"column":24}},"loc":{"start":{"line":86,"column":42},"end":{"line":92,"column":3}},"line":86}},"branchMap":{"0":{"loc":{"start":{"line":7,"column":14},"end":{"line":7,"column":23}},"type":"default-arg","locations":[{"start":{"line":7,"column":21},"end":{"line":7,"column":23}}],"line":7},"1":{"loc":{"start":{"line":7,"column":25},"end":{"line":7,"column":34}},"type":"default-arg","locations":[{"start":{"line":7,"column":33},"end":{"line":7,"column":34}}],"line":7},"2":{"loc":{"start":{"line":8,"column":2},"end":{"line":10,"column":3}},"type":"if","locations":[{"start":{"line":8,"column":2},"end":{"line":10,"column":3}},{"start":{"line":8,"column":2},"end":{"line":10,"column":3}}],"line":8},"3":{"loc":{"start":{"line":11,"column":2},"end":{"line":20,"column":3}},"type":"if","locations":[{"start":{"line":11,"column":2},"end":{"line":20,"column":3}},{"start":{"line":11,"column":2},"end":{"line":20,"column":3}}],"line":11},"4":{"loc":{"start":{"line":14,"column":6},"end":{"line":17,"column":7}},"type":"if","locations":[{"start":{"line":14,"column":6},"end":{"line":17,"column":7}},{"start":{"line":14,"column":6},"end":{"line":17,"column":7}}],"line":14},"5":{"loc":{"start":{"line":14,"column":10},"end":{"line":14,"column":43}},"type":"binary-expr","locations":[{"start":{"line":14,"column":10},"end":{"line":14,"column":24}},{"start":{"line":14,"column":28},"end":{"line":14,"column":43}}],"line":14},"6":{"loc":{"start":{"line":21,"column":2},"end":{"line":33,"column":3}},"type":"if","locations":[{"start":{"line":21,"column":2},"end":{"line":33,"column":3}},{"start":{"line":21,"column":2},"end":{"line":33,"column":3}}],"line":21},"7":{"loc":{"start":{"line":26,"column":8},"end":{"line":29,"column":9}},"type":"if","locations":[{"start":{"line":26,"column":8},"end":{"line":29,"column":9}},{"start":{"line":26,"column":8},"end":{"line":29,"column":9}}],"line":26},"8":{"loc":{"start":{"line":26,"column":12},"end":{"line":26,"column":41}},"type":"binary-expr","locations":[{"start":{"line":26,"column":12},"end":{"line":26,"column":26}},{"start":{"line":26,"column":30},"end":{"line":26,"column":41}}],"line":26},"9":{"loc":{"start":{"line":36,"column":15},"end":{"line":36,"column":24}},"type":"default-arg","locations":[{"start":{"line":36,"column":22},"end":{"line":36,"column":24}}],"line":36},"10":{"loc":{"start":{"line":36,"column":33},"end":{"line":36,"column":45}},"type":"default-arg","locations":[{"start":{"line":36,"column":40},"end":{"line":36,"column":45}}],"line":36},"11":{"loc":{"start":{"line":44,"column":22},"end":{"line":44,"column":41}},"type":"binary-expr","locations":[{"start":{"line":44,"column":22},"end":{"line":44,"column":35}},{"start":{"line":44,"column":39},"end":{"line":44,"column":41}}],"line":44},"12":{"loc":{"start":{"line":49,"column":22},"end":{"line":49,"column":41}},"type":"binary-expr","locations":[{"start":{"line":49,"column":22},"end":{"line":49,"column":35}},{"start":{"line":49,"column":39},"end":{"line":49,"column":41}}],"line":49},"13":{"loc":{"start":{"line":54,"column":21},"end":{"line":54,"column":40}},"type":"binary-expr","locations":[{"start":{"line":54,"column":21},"end":{"line":54,"column":34}},{"start":{"line":54,"column":38},"end":{"line":54,"column":40}}],"line":54},"14":{"loc":{"start":{"line":59,"column":17},"end":{"line":59,"column":36}},"type":"binary-expr","locations":[{"start":{"line":59,"column":17},"end":{"line":59,"column":30}},{"start":{"line":59,"column":34},"end":{"line":59,"column":36}}],"line":59},"15":{"loc":{"start":{"line":64,"column":22},"end":{"line":64,"column":41}},"type":"binary-expr","locations":[{"start":{"line":64,"column":22},"end":{"line":64,"column":35}},{"start":{"line":64,"column":39},"end":{"line":64,"column":41}}],"line":64},"16":{"loc":{"start":{"line":65,"column":4},"end":{"line":70,"column":5}},"type":"if","locations":[{"start":{"line":65,"column":4},"end":{"line":70,"column":5}},{"start":{"line":65,"column":4},"end":{"line":70,"column":5}}],"line":65},"17":{"loc":{"start":{"line":81,"column":4},"end":{"line":83,"column":5}},"type":"if","locations":[{"start":{"line":81,"column":4},"end":{"line":83,"column":5}},{"start":{"line":81,"column":4},"end":{"line":83,"column":5}}],"line":81},"18":{"loc":{"start":{"line":88,"column":4},"end":{"line":90,"column":5}},"type":"if","locations":[{"start":{"line":88,"column":4},"end":{"line":90,"column":5}},{"start":{"line":88,"column":4},"end":{"line":90,"column":5}}],"line":88}},"s":{"0":3,"1":1,"2":7,"3":2,"4":1,"5":1,"6":7,"7":2,"8":2,"9":5,"10":1,"11":1,"12":1,"13":7,"14":2,"15":2,"16":5,"17":1,"18":1,"19":1,"20":1,"21":1,"22":1,"23":1,"24":1,"25":1,"26":1,"27":1,"28":1,"29":1,"30":1,"31":2,"32":2,"33":2,"34":1,"35":1,"36":1,"37":1,"38":1,"39":2,"40":2,"41":3,"42":3,"43":0,"44":3,"45":1,"46":1,"47":0,"48":1},"f":{"0":3,"1":7,"2":7,"3":7,"4":1,"5":1,"6":1,"7":1,"8":1,"9":2,"10":2,"11":3,"12":1},"b":{"0":[0],"1":[0],"2":[1,2],"3":[1,1],"4":[2,5],"5":[7,3],"6":[1,0],"7":[2,5],"8":[7,3],"9":[0],"10":[0],"11":[1,1],"12":[1,0],"13":[1,0],"14":[1,0],"15":[2,1],"16":[1,1],"17":[0,3],"18":[0,1]},"_coverageSchema":"332fd63041d2c1bcb487cc26dd0d5f7d97098a6c","hash":"af5e2929c188a083b68db20172fc1a4338ec8863"}
,"/Users/miguelmartin/projects/reduken/src/list/selectors.js": {"path":"/Users/miguelmartin/projects/reduken/src/list/selectors.js","statementMap":{"0":{"start":{"line":3,"column":13},"end":{"line":3,"column":32}},"1":{"start":{"line":3,"column":22},"end":{"line":3,"column":32}},"2":{"start":{"line":5,"column":23},"end":{"line":7,"column":2}},"3":{"start":{"line":6,"column":2},"end":{"line":6,"column":32}},"4":{"start":{"line":9,"column":19},"end":{"line":12,"column":2}},"5":{"start":{"line":10,"column":15},"end":{"line":10,"column":37}},"6":{"start":{"line":11,"column":2},"end":{"line":11,"column":20}},"7":{"start":{"line":14,"column":20},"end":{"line":20,"column":2}},"8":{"start":{"line":15,"column":15},"end":{"line":15,"column":37}},"9":{"start":{"line":16,"column":2},"end":{"line":18,"column":3}},"10":{"start":{"line":17,"column":4},"end":{"line":17,"column":75}},"11":{"start":{"line":19,"column":2},"end":{"line":19,"column":20}},"12":{"start":{"line":22,"column":22},"end":{"line":25,"column":2}},"13":{"start":{"line":23,"column":15},"end":{"line":23,"column":37}},"14":{"start":{"line":24,"column":2},"end":{"line":24,"column":32}}},"fnMap":{"0":{"name":"(anonymous_0)","decl":{"start":{"line":3,"column":13},"end":{"line":3,"column":14}},"loc":{"start":{"line":3,"column":22},"end":{"line":3,"column":32}},"line":3},"1":{"name":"getList","decl":{"start":{"line":5,"column":38},"end":{"line":5,"column":45}},"loc":{"start":{"line":5,"column":59},"end":{"line":7,"column":1}},"line":5},"2":{"name":"len","decl":{"start":{"line":9,"column":34},"end":{"line":9,"column":37}},"loc":{"start":{"line":9,"column":53},"end":{"line":12,"column":1}},"line":9},"3":{"name":"lget","decl":{"start":{"line":14,"column":35},"end":{"line":14,"column":39}},"loc":{"start":{"line":14,"column":62},"end":{"line":20,"column":1}},"line":14},"4":{"name":"lrange","decl":{"start":{"line":22,"column":37},"end":{"line":22,"column":43}},"loc":{"start":{"line":22,"column":72},"end":{"line":25,"column":1}},"line":22}},"branchMap":{"0":{"loc":{"start":{"line":6,"column":9},"end":{"line":6,"column":32}},"type":"binary-expr","locations":[{"start":{"line":6,"column":9},"end":{"line":6,"column":26}},{"start":{"line":6,"column":30},"end":{"line":6,"column":32}}],"line":6},"1":{"loc":{"start":{"line":16,"column":2},"end":{"line":18,"column":3}},"type":"if","locations":[{"start":{"line":16,"column":2},"end":{"line":18,"column":3}},{"start":{"line":16,"column":2},"end":{"line":18,"column":3}}],"line":16}},"s":{"0":2,"1":5,"2":2,"3":5,"4":2,"5":1,"6":1,"7":2,"8":3,"9":3,"10":1,"11":2,"12":2,"13":1,"14":1},"f":{"0":5,"1":5,"2":1,"3":3,"4":1},"b":{"0":[5,0],"1":[1,2]},"_coverageSchema":"332fd63041d2c1bcb487cc26dd0d5f7d97098a6c","hash":"307b8cadd1bf951515310fc898c8a90f53b2971d"}
,"/Users/miguelmartin/projects/reduken/src/set/actionTypes.js": {"path":"/Users/miguelmartin/projects/reduken/src/set/actionTypes.js","statementMap":{"0":{"start":{"line":1,"column":12},"end":{"line":1,"column":23}},"1":{"start":{"line":2,"column":20},"end":{"line":2,"column":32}},"2":{"start":{"line":3,"column":20},"end":{"line":3,"column":32}},"3":{"start":{"line":4,"column":22},"end":{"line":4,"column":36}},"4":{"start":{"line":5,"column":21},"end":{"line":5,"column":34}},"5":{"start":{"line":6,"column":22},"end":{"line":6,"column":36}},"6":{"start":{"line":7,"column":21},"end":{"line":7,"column":34}}},"fnMap":{},"branchMap":{},"s":{"0":2,"1":2,"2":2,"3":2,"4":2,"5":2,"6":2},"f":{},"b":{},"_coverageSchema":"332fd63041d2c1bcb487cc26dd0d5f7d97098a6c","hash":"6a5899deeb53cadaeb8e366bd34a29d94b2a3809"}
,"/Users/miguelmartin/projects/reduken/src/set/actions.js": {"path":"/Users/miguelmartin/projects/reduken/src/set/actions.js","statementMap":{"0":{"start":{"line":4,"column":16},"end":{"line":4,"column":32}},"1":{"start":{"line":5,"column":2},"end":{"line":7,"column":3}},"2":{"start":{"line":5,"column":21},"end":{"line":5,"column":42}},"3":{"start":{"line":6,"column":4},"end":{"line":6,"column":131}},"4":{"start":{"line":8,"column":2},"end":{"line":14,"column":3}},"5":{"start":{"line":18,"column":16},"end":{"line":18,"column":32}},"6":{"start":{"line":19,"column":2},"end":{"line":21,"column":3}},"7":{"start":{"line":19,"column":21},"end":{"line":19,"column":42}},"8":{"start":{"line":20,"column":4},"end":{"line":20,"column":131}},"9":{"start":{"line":22,"column":2},"end":{"line":28,"column":3}},"10":{"start":{"line":32,"column":2},"end":{"line":38,"column":3}},"11":{"start":{"line":42,"column":2},"end":{"line":48,"column":3}},"12":{"start":{"line":52,"column":2},"end":{"line":58,"column":3}},"13":{"start":{"line":62,"column":2},"end":{"line":69,"column":3}}},"fnMap":{"0":{"name":"sadd","decl":{"start":{"line":3,"column":16},"end":{"line":3,"column":20}},"loc":{"start":{"line":3,"column":33},"end":{"line":15,"column":1}},"line":3},"1":{"name":"(anonymous_1)","decl":{"start":{"line":5,"column":16},"end":{"line":5,"column":17}},"loc":{"start":{"line":5,"column":21},"end":{"line":5,"column":42}},"line":5},"2":{"name":"srem","decl":{"start":{"line":17,"column":16},"end":{"line":17,"column":20}},"loc":{"start":{"line":17,"column":33},"end":{"line":29,"column":1}},"line":17},"3":{"name":"(anonymous_3)","decl":{"start":{"line":19,"column":16},"end":{"line":19,"column":17}},"loc":{"start":{"line":19,"column":21},"end":{"line":19,"column":42}},"line":19},"4":{"name":"sunion","decl":{"start":{"line":31,"column":16},"end":{"line":31,"column":22}},"loc":{"start":{"line":31,"column":39},"end":{"line":39,"column":1}},"line":31},"5":{"name":"sdiff","decl":{"start":{"line":41,"column":16},"end":{"line":41,"column":21}},"loc":{"start":{"line":41,"column":38},"end":{"line":49,"column":1}},"line":41},"6":{"name":"sinter","decl":{"start":{"line":51,"column":16},"end":{"line":51,"column":22}},"loc":{"start":{"line":51,"column":39},"end":{"line":59,"column":1}},"line":51},"7":{"name":"smove","decl":{"start":{"line":61,"column":16},"end":{"line":61,"column":21}},"loc":{"start":{"line":61,"column":44},"end":{"line":70,"column":1}},"line":61}},"branchMap":{"0":{"loc":{"start":{"line":5,"column":2},"end":{"line":7,"column":3}},"type":"if","locations":[{"start":{"line":5,"column":2},"end":{"line":7,"column":3}},{"start":{"line":5,"column":2},"end":{"line":7,"column":3}}],"line":5},"1":{"loc":{"start":{"line":19,"column":2},"end":{"line":21,"column":3}},"type":"if","locations":[{"start":{"line":19,"column":2},"end":{"line":21,"column":3}},{"start":{"line":19,"column":2},"end":{"line":21,"column":3}}],"line":19}},"s":{"0":3,"1":3,"2":5,"3":1,"4":3,"5":2,"6":2,"7":2,"8":1,"9":2,"10":1,"11":1,"12":1,"13":1},"f":{"0":3,"1":5,"2":2,"3":2,"4":1,"5":1,"6":1,"7":1},"b":{"0":[1,2],"1":[1,1]},"_coverageSchema":"332fd63041d2c1bcb487cc26dd0d5f7d97098a6c","hash":"a3f5faeceb8c51f524fe46bbdb9b697e2d676fdd"}
,"/Users/miguelmartin/projects/reduken/src/set/index.js": {"path":"/Users/miguelmartin/projects/reduken/src/set/index.js","statementMap":{"0":{"start":{"line":7,"column":2},"end":{"line":9,"column":3}},"1":{"start":{"line":8,"column":4},"end":{"line":8,"column":25}},"2":{"start":{"line":10,"column":2},"end":{"line":10,"column":12}},"3":{"start":{"line":14,"column":2},"end":{"line":14,"column":36}},"4":{"start":{"line":14,"column":25},"end":{"line":14,"column":35}},"5":{"start":{"line":18,"column":2},"end":{"line":20,"column":8}},"6":{"start":{"line":19,"column":4},"end":{"line":19,"column":32}},"7":{"start":{"line":24,"column":29},"end":{"line":24,"column":33}},"8":{"start":{"line":25,"column":2},"end":{"line":27,"column":19}},"9":{"start":{"line":26,"column":4},"end":{"line":26,"column":47}},"10":{"start":{"line":26,"column":22},"end":{"line":26,"column":46}},"11":{"start":{"line":31,"column":29},"end":{"line":31,"column":33}},"12":{"start":{"line":32,"column":2},"end":{"line":34,"column":3}},"13":{"start":{"line":32,"column":24},"end":{"line":32,"column":34}},"14":{"start":{"line":33,"column":4},"end":{"line":33,"column":13}},"15":{"start":{"line":35,"column":2},"end":{"line":37,"column":19}},"16":{"start":{"line":36,"column":4},"end":{"line":36,"column":45}},"17":{"start":{"line":36,"column":22},"end":{"line":36,"column":44}},"18":{"start":{"line":42,"column":28},"end":{"line":42,"column":42}},"19":{"start":{"line":43,"column":4},"end":{"line":46,"column":5}},"20":{"start":{"line":49,"column":28},"end":{"line":49,"column":42}},"21":{"start":{"line":50,"column":4},"end":{"line":53,"column":5}},"22":{"start":{"line":56,"column":32},"end":{"line":56,"column":46}},"23":{"start":{"line":57,"column":4},"end":{"line":60,"column":5}},"24":{"start":{"line":59,"column":46},"end":{"line":59,"column":66}},"25":{"start":{"line":63,"column":32},"end":{"line":63,"column":46}},"26":{"start":{"line":64,"column":4},"end":{"line":67,"column":5}},"27":{"start":{"line":66,"column":45},"end":{"line":66,"column":65}},"28":{"start":{"line":70,"column":32},"end":{"line":70,"column":46}},"29":{"start":{"line":71,"column":4},"end":{"line":74,"column":5}},"30":{"start":{"line":73,"column":46},"end":{"line":73,"column":66}},"31":{"start":{"line":77,"column":38},"end":{"line":77,"column":52}},"32":{"start":{"line":78,"column":4},"end":{"line":80,"column":5}},"33":{"start":{"line":79,"column":6},"end":{"line":79,"column":68}},"34":{"start":{"line":81,"column":4},"end":{"line":85,"column":5}}},"fnMap":{"0":{"name":"sadd","decl":{"start":{"line":6,"column":9},"end":{"line":6,"column":13}},"loc":{"start":{"line":6,"column":27},"end":{"line":11,"column":1}},"line":6},"1":{"name":"srem","decl":{"start":{"line":13,"column":9},"end":{"line":13,"column":13}},"loc":{"start":{"line":13,"column":27},"end":{"line":15,"column":1}},"line":13},"2":{"name":"(anonymous_2)","decl":{"start":{"line":14,"column":20},"end":{"line":14,"column":21}},"loc":{"start":{"line":14,"column":25},"end":{"line":14,"column":35}},"line":14},"3":{"name":"sunion","decl":{"start":{"line":17,"column":9},"end":{"line":17,"column":15}},"loc":{"start":{"line":17,"column":21},"end":{"line":21,"column":1}},"line":17},"4":{"name":"(anonymous_4)","decl":{"start":{"line":18,"column":21},"end":{"line":18,"column":22}},"loc":{"start":{"line":18,"column":35},"end":{"line":20,"column":3}},"line":18},"5":{"name":"sdiff","decl":{"start":{"line":23,"column":9},"end":{"line":23,"column":14}},"loc":{"start":{"line":23,"column":20},"end":{"line":28,"column":1}},"line":23},"6":{"name":"(anonymous_6)","decl":{"start":{"line":25,"column":22},"end":{"line":25,"column":23}},"loc":{"start":{"line":26,"column":4},"end":{"line":26,"column":47}},"line":26},"7":{"name":"(anonymous_7)","decl":{"start":{"line":26,"column":15},"end":{"line":26,"column":16}},"loc":{"start":{"line":26,"column":22},"end":{"line":26,"column":46}},"line":26},"8":{"name":"sinter","decl":{"start":{"line":30,"column":9},"end":{"line":30,"column":15}},"loc":{"start":{"line":30,"column":21},"end":{"line":38,"column":1}},"line":30},"9":{"name":"(anonymous_9)","decl":{"start":{"line":32,"column":17},"end":{"line":32,"column":18}},"loc":{"start":{"line":32,"column":24},"end":{"line":32,"column":34}},"line":32},"10":{"name":"(anonymous_10)","decl":{"start":{"line":35,"column":22},"end":{"line":35,"column":23}},"loc":{"start":{"line":36,"column":4},"end":{"line":36,"column":45}},"line":36},"11":{"name":"(anonymous_11)","decl":{"start":{"line":36,"column":15},"end":{"line":36,"column":16}},"loc":{"start":{"line":36,"column":22},"end":{"line":36,"column":44}},"line":36},"12":{"name":"(anonymous_12)","decl":{"start":{"line":41,"column":22},"end":{"line":41,"column":23}},"loc":{"start":{"line":41,"column":41},"end":{"line":47,"column":3}},"line":41},"13":{"name":"(anonymous_13)","decl":{"start":{"line":48,"column":22},"end":{"line":48,"column":23}},"loc":{"start":{"line":48,"column":41},"end":{"line":54,"column":3}},"line":48},"14":{"name":"(anonymous_14)","decl":{"start":{"line":55,"column":24},"end":{"line":55,"column":25}},"loc":{"start":{"line":55,"column":43},"end":{"line":61,"column":3}},"line":55},"15":{"name":"(anonymous_15)","decl":{"start":{"line":59,"column":35},"end":{"line":59,"column":36}},"loc":{"start":{"line":59,"column":46},"end":{"line":59,"column":66}},"line":59},"16":{"name":"(anonymous_16)","decl":{"start":{"line":62,"column":23},"end":{"line":62,"column":24}},"loc":{"start":{"line":62,"column":42},"end":{"line":68,"column":3}},"line":62},"17":{"name":"(anonymous_17)","decl":{"start":{"line":66,"column":34},"end":{"line":66,"column":35}},"loc":{"start":{"line":66,"column":45},"end":{"line":66,"column":65}},"line":66},"18":{"name":"(anonymous_18)","decl":{"start":{"line":69,"column":24},"end":{"line":69,"column":25}},"loc":{"start":{"line":69,"column":43},"end":{"line":75,"column":3}},"line":69},"19":{"name":"(anonymous_19)","decl":{"start":{"line":73,"column":35},"end":{"line":73,"column":36}},"loc":{"start":{"line":73,"column":46},"end":{"line":73,"column":66}},"line":73},"20":{"name":"(anonymous_20)","decl":{"start":{"line":76,"column":23},"end":{"line":76,"column":24}},"loc":{"start":{"line":76,"column":42},"end":{"line":86,"column":3}},"line":76}},"branchMap":{"0":{"loc":{"start":{"line":6,"column":14},"end":{"line":6,"column":20}},"type":"default-arg","locations":[{"start":{"line":6,"column":18},"end":{"line":6,"column":20}}],"line":6},"1":{"loc":{"start":{"line":7,"column":2},"end":{"line":9,"column":3}},"type":"if","locations":[{"start":{"line":7,"column":2},"end":{"line":9,"column":3}},{"start":{"line":7,"column":2},"end":{"line":9,"column":3}}],"line":7},"2":{"loc":{"start":{"line":13,"column":14},"end":{"line":13,"column":20}},"type":"default-arg","locations":[{"start":{"line":13,"column":18},"end":{"line":13,"column":20}}],"line":13},"3":{"loc":{"start":{"line":32,"column":2},"end":{"line":34,"column":3}},"type":"if","locations":[{"start":{"line":32,"column":2},"end":{"line":34,"column":3}},{"start":{"line":32,"column":2},"end":{"line":34,"column":3}}],"line":32},"4":{"loc":{"start":{"line":59,"column":46},"end":{"line":59,"column":66}},"type":"binary-expr","locations":[{"start":{"line":59,"column":46},"end":{"line":59,"column":60}},{"start":{"line":59,"column":64},"end":{"line":59,"column":66}}],"line":59},"5":{"loc":{"start":{"line":66,"column":45},"end":{"line":66,"column":65}},"type":"binary-expr","locations":[{"start":{"line":66,"column":45},"end":{"line":66,"column":59}},{"start":{"line":66,"column":63},"end":{"line":66,"column":65}}],"line":66},"6":{"loc":{"start":{"line":73,"column":46},"end":{"line":73,"column":66}},"type":"binary-expr","locations":[{"start":{"line":73,"column":46},"end":{"line":73,"column":60}},{"start":{"line":73,"column":64},"end":{"line":73,"column":66}}],"line":73},"7":{"loc":{"start":{"line":78,"column":4},"end":{"line":80,"column":5}},"type":"if","locations":[{"start":{"line":78,"column":4},"end":{"line":80,"column":5}},{"start":{"line":78,"column":4},"end":{"line":80,"column":5}}],"line":78}},"s":{"0":15,"1":11,"2":4,"3":4,"4":14,"5":1,"6":2,"7":1,"8":1,"9":4,"10":7,"11":2,"12":2,"13":5,"14":1,"15":1,"16":4,"17":5,"18":2,"19":2,"20":1,"21":1,"22":1,"23":1,"24":2,"25":1,"26":1,"27":3,"28":2,"29":2,"30":5,"31":2,"32":2,"33":1,"34":1},"f":{"0":15,"1":4,"2":14,"3":1,"4":2,"5":1,"6":4,"7":7,"8":2,"9":5,"10":4,"11":5,"12":2,"13":1,"14":1,"15":2,"16":1,"17":3,"18":2,"19":5,"20":2},"b":{"0":[1],"1":[11,4],"2":[0],"3":[1,1],"4":[2,0],"5":[3,0],"6":[5,0],"7":[1,1]},"_coverageSchema":"332fd63041d2c1bcb487cc26dd0d5f7d97098a6c","hash":"b6f83aedb5210a1100a3df3755b68f13bcd8c4d6"}
,"/Users/miguelmartin/projects/reduken/src/set/selectors.js": {"path":"/Users/miguelmartin/projects/reduken/src/set/selectors.js","statementMap":{"0":{"start":{"line":3,"column":13},"end":{"line":3,"column":31}},"1":{"start":{"line":3,"column":22},"end":{"line":3,"column":31}},"2":{"start":{"line":5,"column":17},"end":{"line":5,"column":19}},"3":{"start":{"line":6,"column":15},"end":{"line":6,"column":68}},"4":{"start":{"line":6,"column":38},"end":{"line":6,"column":67}},"5":{"start":{"line":8,"column":21},"end":{"line":10,"column":2}},"6":{"start":{"line":9,"column":2},"end":{"line":9,"column":35}},"7":{"start":{"line":12,"column":25},"end":{"line":15,"column":2}},"8":{"start":{"line":13,"column":14},"end":{"line":13,"column":33}},"9":{"start":{"line":14,"column":2},"end":{"line":14,"column":32}},"10":{"start":{"line":17,"column":24},"end":{"line":19,"column":2}},"11":{"start":{"line":18,"column":2},"end":{"line":18,"column":28}},"12":{"start":{"line":21,"column":21},"end":{"line":25,"column":2}},"13":{"start":{"line":22,"column":14},"end":{"line":22,"column":33}},"14":{"start":{"line":23,"column":14},"end":{"line":23,"column":50}},"15":{"start":{"line":24,"column":2},"end":{"line":24,"column":17}}},"fnMap":{"0":{"name":"(anonymous_0)","decl":{"start":{"line":3,"column":13},"end":{"line":3,"column":14}},"loc":{"start":{"line":3,"column":22},"end":{"line":3,"column":31}},"line":3},"1":{"name":"(anonymous_1)","decl":{"start":{"line":6,"column":21},"end":{"line":6,"column":22}},"loc":{"start":{"line":6,"column":38},"end":{"line":6,"column":67}},"line":6},"2":{"name":"scard","decl":{"start":{"line":8,"column":36},"end":{"line":8,"column":41}},"loc":{"start":{"line":8,"column":54},"end":{"line":10,"column":1}},"line":8},"3":{"name":"sisMember","decl":{"start":{"line":12,"column":40},"end":{"line":12,"column":49}},"loc":{"start":{"line":12,"column":69},"end":{"line":15,"column":1}},"line":12},"4":{"name":"smembers","decl":{"start":{"line":17,"column":39},"end":{"line":17,"column":47}},"loc":{"start":{"line":17,"column":60},"end":{"line":19,"column":1}},"line":17},"5":{"name":"srand","decl":{"start":{"line":21,"column":36},"end":{"line":21,"column":41}},"loc":{"start":{"line":21,"column":54},"end":{"line":25,"column":1}},"line":21}},"branchMap":{"0":{"loc":{"start":{"line":6,"column":38},"end":{"line":6,"column":67}},"type":"binary-expr","locations":[{"start":{"line":6,"column":38},"end":{"line":6,"column":55}},{"start":{"line":6,"column":59},"end":{"line":6,"column":67}}],"line":6}},"s":{"0":2,"1":33,"2":2,"3":2,"4":33,"5":2,"6":3,"7":2,"8":3,"9":3,"10":2,"11":1,"12":2,"13":26,"14":26,"15":26},"f":{"0":33,"1":33,"2":3,"3":3,"4":1,"5":26},"b":{"0":[33,2]},"_coverageSchema":"332fd63041d2c1bcb487cc26dd0d5f7d97098a6c","hash":"648906c3176744e916edf2ab581c407b25d81204"}
}
