TN:
SF:/Users/miguelmartin/projects/reduken/src/entities/actionTypes.js
FNF:0
FNH:0
DA:1,2
DA:4,2
DA:6,2
DA:8,2
DA:10,2
DA:12,2
LF:6
LH:6
BRF:0
BRH:0
end_of_record
TN:
SF:/Users/miguelmartin/projects/reduken/src/entities/actions.js
FN:3,mergeEntities
FN:13,removeMany
FN:24,removeOne
FN:29,removeAll
FN:39,reset
FN:45,update
FNF:6
FNH:6
FNDA:4,mergeEntities
FNDA:2,removeMany
FNDA:1,removeOne
FNDA:1,removeAll
FNDA:1,reset
FNDA:2,update
DA:4,4
DA:14,2
DA:25,1
DA:30,1
DA:40,1
DA:46,2
LF:6
LH:6
BRF:0
BRH:0
end_of_record
TN:
SF:/Users/miguelmartin/projects/reduken/src/entities/index.js
FN:10,(anonymous_0)
FN:11,(anonymous_1)
FN:21,(anonymous_2)
FN:28,(anonymous_3)
FN:31,(anonymous_4)
FN:34,(anonymous_5)
FNF:6
FNH:6
FNDA:4,(anonymous_0)
FNDA:5,(anonymous_1)
FNDA:2,(anonymous_2)
FNDA:1,(anonymous_3)
FNDA:1,(anonymous_4)
FNDA:2,(anonymous_5)
DA:8,2
DA:9,2
DA:11,4
DA:12,5
DA:22,2
DA:23,2
DA:29,1
DA:32,1
DA:35,2
DA:36,2
DA:38,2
DA:42,2
LF:12
LH:12
BRDA:36,0,0,2
BRDA:36,0,1,1
BRF:2
BRH:2
end_of_record
TN:
SF:/Users/miguelmartin/projects/reduken/src/entities/selectors.js
FN:7,(anonymous_0)
FN:9,(anonymous_1)
FN:13,(anonymous_2)
FN:17,(anonymous_3)
FN:18,(anonymous_4)
FNF:5
FNH:5
FNDA:5,(anonymous_0)
FNDA:4,(anonymous_1)
FNDA:1,(anonymous_2)
FNDA:1,(anonymous_3)
FNDA:2,(anonymous_4)
DA:4,2
DA:7,5
DA:9,2
DA:10,4
DA:13,2
DA:14,1
DA:17,2
DA:18,2
LF:8
LH:8
BRDA:10,0,0,4
BRDA:10,0,1,1
BRF:2
BRH:2
end_of_record
TN:
SF:/Users/miguelmartin/projects/reduken/src/hash/actionTypes.js
FNF:0
FNH:0
DA:1,2
DA:2,2
DA:3,2
DA:4,2
DA:5,2
DA:6,2
LF:6
LH:6
BRF:0
BRH:0
end_of_record
TN:
SF:/Users/miguelmartin/projects/reduken/src/hash/actions.js
FN:11,hset
FN:21,hdel
FN:36,hmset
FN:46,hincrby
FN:61,htoggle
FNF:5
FNH:5
FNDA:1,hset
FNDA:1,hdel
FNDA:1,hmset
FNDA:1,hincrby
FNDA:1,htoggle
DA:12,1
DA:22,1
DA:37,1
DA:47,1
DA:62,1
LF:5
LH:5
BRF:0
BRH:0
end_of_record
TN:
SF:/Users/miguelmartin/projects/reduken/src/hash/index.js
FN:10,(anonymous_0)
FN:14,(anonymous_1)
FN:18,(anonymous_2)
FN:22,(anonymous_3)
FN:25,(anonymous_4)
FN:32,(anonymous_5)
FNF:6
FNH:6
FNDA:2,(anonymous_0)
FNDA:1,(anonymous_1)
FNDA:1,(anonymous_2)
FNDA:5,(anonymous_3)
FNDA:4,(anonymous_4)
FNDA:2,(anonymous_5)
DA:7,2
DA:11,2
DA:12,2
DA:15,1
DA:16,1
DA:19,1
DA:20,1
DA:23,5
DA:24,5
DA:25,4
DA:26,4
DA:29,1
DA:33,2
DA:34,2
DA:35,2
LF:15
LH:15
BRDA:24,0,0,4
BRDA:24,0,1,1
BRDA:26,1,0,4
BRDA:26,1,1,1
BRF:4
BRH:4
end_of_record
TN:
SF:/Users/miguelmartin/projects/reduken/src/hash/selectors.js
FN:5,(anonymous_0)
FN:13,hget
FN:18,(anonymous_2)
FN:23,hkeys
FN:27,hlen
FN:31,hexists
FNF:6
FNH:6
FNDA:10,(anonymous_0)
FNDA:3,hget
FNDA:2,(anonymous_2)
FNDA:3,hkeys
FNDA:2,hlen
FNDA:2,hexists
DA:4,3
DA:5,10
DA:13,3
DA:14,3
DA:15,3
DA:18,3
DA:19,2
DA:20,2
DA:23,3
DA:24,3
DA:27,3
DA:28,2
DA:31,3
DA:32,2
LF:14
LH:14
BRDA:24,0,0,3
BRDA:24,0,1,1
BRF:2
BRH:2
end_of_record
TN:
SF:/Users/miguelmartin/projects/reduken/src/lib/batchReducer.js
FN:4,batchReducer
FN:5,(anonymous_1)
FN:13,batch
FN:15,(anonymous_3)
FNF:4
FNH:4
FNDA:1,batchReducer
FNDA:1,(anonymous_1)
FNDA:2,batch
FNDA:8,(anonymous_3)
DA:2,1
DA:5,1
DA:6,1
DA:7,1
DA:9,0
DA:14,2
DA:15,8
DA:18,2
LF:8
LH:7
BRDA:6,0,0,1
BRDA:6,0,1,0
BRDA:15,1,0,2
BRDA:15,1,1,2
BRF:4
BRH:3
end_of_record
TN:
SF:/Users/miguelmartin/projects/reduken/src/lib/buildReducer.js
FN:1,buildReducer
FN:2,(anonymous_1)
FNF:2
FNH:2
FNDA:6,buildReducer
FNDA:45,(anonymous_1)
DA:2,6
DA:3,45
DA:4,45
DA:5,42
LF:4
LH:4
BRDA:2,0,0,12
BRDA:4,1,0,3
BRDA:4,1,1,42
BRF:3
BRH:3
end_of_record
TN:
SF:/Users/miguelmartin/projects/reduken/src/list/actionTypes.js
FNF:0
FNH:0
DA:1,2
DA:2,2
DA:3,2
DA:4,2
DA:5,2
DA:6,2
DA:7,2
DA:8,2
DA:9,2
LF:9
LH:9
BRF:0
BRH:0
end_of_record
TN:
SF:/Users/miguelmartin/projects/reduken/src/list/actions.js
FN:4,lpush
FN:14,rpush
FN:24,lpop
FN:33,rpop
FN:42,lset
FN:53,lreplace
FN:67,lrem
FN:78,ltrim
FNF:8
FNH:7
FNDA:1,lpush
FNDA:1,rpush
FNDA:1,lpop
FNDA:1,rpop
FNDA:1,lset
FNDA:0,lreplace
FNDA:1,lrem
FNDA:2,ltrim
DA:5,1
DA:15,1
DA:25,1
DA:34,1
DA:43,1
DA:54,0
DA:58,0
DA:68,1
DA:79,2
LF:9
LH:7
BRDA:78,0,0,1
BRF:1
BRH:1
end_of_record
TN:
SF:/Users/miguelmartin/projects/reduken/src/list/index.js
FN:7,lrem
FN:9,(anonymous_1)
FN:13,(anonymous_2)
FN:25,(anonymous_3)
FN:36,ltrim
FN:42,(anonymous_5)
FN:47,(anonymous_6)
FN:52,(anonymous_7)
FN:57,(anonymous_8)
FN:62,(anonymous_9)
FN:75,(anonymous_10)
FN:79,(anonymous_11)
FN:86,(anonymous_12)
FNF:13
FNH:13
FNDA:3,lrem
FNDA:7,(anonymous_1)
FNDA:7,(anonymous_2)
FNDA:7,(anonymous_3)
FNDA:1,ltrim
FNDA:1,(anonymous_5)
FNDA:1,(anonymous_6)
FNDA:1,(anonymous_7)
FNDA:1,(anonymous_8)
FNDA:2,(anonymous_9)
FNDA:2,(anonymous_10)
FNDA:3,(anonymous_11)
FNDA:1,(anonymous_12)
DA:8,3
DA:9,7
DA:11,2
DA:12,1
DA:13,1
DA:14,7
DA:15,2
DA:16,2
DA:18,5
DA:21,1
DA:22,1
DA:23,1
DA:26,7
DA:27,2
DA:28,2
DA:30,5
DA:37,1
DA:40,1
DA:43,1
DA:44,1
DA:45,1
DA:48,1
DA:49,1
DA:50,1
DA:53,1
DA:54,1
DA:55,1
DA:58,1
DA:59,1
DA:60,1
DA:63,2
DA:64,2
DA:65,2
DA:66,1
DA:69,1
DA:71,1
DA:72,1
DA:73,1
DA:76,2
DA:77,2
DA:80,3
DA:81,3
DA:82,0
DA:84,3
DA:87,1
DA:88,1
DA:89,0
DA:91,1
LF:48
LH:46
BRDA:7,0,0,0
BRDA:7,1,0,0
BRDA:8,2,0,1
BRDA:8,2,1,2
BRDA:11,3,0,1
BRDA:11,3,1,1
BRDA:14,4,0,2
BRDA:14,4,1,5
BRDA:14,5,0,7
BRDA:14,5,1,3
BRDA:21,6,0,1
BRDA:21,6,1,0
BRDA:26,7,0,2
BRDA:26,7,1,5
BRDA:26,8,0,7
BRDA:26,8,1,3
BRDA:36,9,0,0
BRDA:36,10,0,0
BRDA:44,11,0,1
BRDA:44,11,1,1
BRDA:49,12,0,1
BRDA:49,12,1,0
BRDA:54,13,0,1
BRDA:54,13,1,0
BRDA:59,14,0,1
BRDA:59,14,1,0
BRDA:64,15,0,2
BRDA:64,15,1,1
BRDA:65,16,0,1
BRDA:65,16,1,1
BRDA:81,17,0,0
BRDA:81,17,1,3
BRDA:88,18,0,0
BRDA:88,18,1,1
BRF:34
BRH:24
end_of_record
TN:
SF:/Users/miguelmartin/projects/reduken/src/list/selectors.js
FN:3,(anonymous_0)
FN:5,getList
FN:9,len
FN:14,lget
FN:22,lrange
FNF:5
FNH:5
FNDA:5,(anonymous_0)
FNDA:5,getList
FNDA:1,len
FNDA:3,lget
FNDA:1,lrange
DA:3,5
DA:5,2
DA:6,5
DA:9,2
DA:10,1
DA:11,1
DA:14,2
DA:15,3
DA:16,3
DA:17,1
DA:19,2
DA:22,2
DA:23,1
DA:24,1
LF:14
LH:14
BRDA:6,0,0,5
BRDA:6,0,1,0
BRDA:16,1,0,1
BRDA:16,1,1,2
BRF:4
BRH:3
end_of_record
TN:
SF:/Users/miguelmartin/projects/reduken/src/set/actionTypes.js
FNF:0
FNH:0
DA:1,2
DA:2,2
DA:3,2
DA:4,2
DA:5,2
DA:6,2
DA:7,2
LF:7
LH:7
BRF:0
BRH:0
end_of_record
TN:
SF:/Users/miguelmartin/projects/reduken/src/set/actions.js
FN:3,sadd
FN:5,(anonymous_1)
FN:17,srem
FN:19,(anonymous_3)
FN:31,sunion
FN:41,sdiff
FN:51,sinter
FN:61,smove
FNF:8
FNH:8
FNDA:3,sadd
FNDA:5,(anonymous_1)
FNDA:2,srem
FNDA:2,(anonymous_3)
FNDA:1,sunion
FNDA:1,sdiff
FNDA:1,sinter
FNDA:1,smove
DA:4,3
DA:5,5
DA:6,1
DA:8,3
DA:18,2
DA:19,2
DA:20,1
DA:22,2
DA:32,1
DA:42,1
DA:52,1
DA:62,1
LF:12
LH:12
BRDA:5,0,0,1
BRDA:5,0,1,2
BRDA:19,1,0,1
BRDA:19,1,1,1
BRF:4
BRH:4
end_of_record
TN:
SF:/Users/miguelmartin/projects/reduken/src/set/index.js
FN:6,sadd
FN:13,srem
FN:14,(anonymous_2)
FN:17,sunion
FN:18,(anonymous_4)
FN:23,sdiff
FN:25,(anonymous_6)
FN:26,(anonymous_7)
FN:30,sinter
FN:32,(anonymous_9)
FN:35,(anonymous_10)
FN:36,(anonymous_11)
FN:41,(anonymous_12)
FN:48,(anonymous_13)
FN:55,(anonymous_14)
FN:59,(anonymous_15)
FN:62,(anonymous_16)
FN:66,(anonymous_17)
FN:69,(anonymous_18)
FN:73,(anonymous_19)
FN:76,(anonymous_20)
FNF:21
FNH:21
FNDA:15,sadd
FNDA:4,srem
FNDA:14,(anonymous_2)
FNDA:1,sunion
FNDA:2,(anonymous_4)
FNDA:1,sdiff
FNDA:4,(anonymous_6)
FNDA:7,(anonymous_7)
FNDA:2,sinter
FNDA:5,(anonymous_9)
FNDA:4,(anonymous_10)
FNDA:5,(anonymous_11)
FNDA:2,(anonymous_12)
FNDA:1,(anonymous_13)
FNDA:1,(anonymous_14)
FNDA:2,(anonymous_15)
FNDA:1,(anonymous_16)
FNDA:3,(anonymous_17)
FNDA:2,(anonymous_18)
FNDA:5,(anonymous_19)
FNDA:2,(anonymous_20)
DA:7,15
DA:8,11
DA:10,4
DA:14,14
DA:18,1
DA:19,2
DA:24,1
DA:25,1
DA:26,7
DA:31,2
DA:32,5
DA:33,1
DA:35,1
DA:36,5
DA:42,2
DA:43,2
DA:49,1
DA:50,1
DA:56,1
DA:57,1
DA:59,2
DA:63,1
DA:64,1
DA:66,3
DA:70,2
DA:71,2
DA:73,5
DA:77,2
DA:78,2
DA:79,1
DA:81,1
LF:31
LH:31
BRDA:6,0,0,1
BRDA:7,1,0,11
BRDA:7,1,1,4
BRDA:13,2,0,0
BRDA:32,3,0,1
BRDA:32,3,1,1
BRDA:59,4,0,2
BRDA:59,4,1,0
BRDA:66,5,0,3
BRDA:66,5,1,0
BRDA:73,6,0,5
BRDA:73,6,1,0
BRDA:78,7,0,1
BRDA:78,7,1,1
BRF:14
BRH:10
end_of_record
TN:
SF:/Users/miguelmartin/projects/reduken/src/set/selectors.js
FN:3,(anonymous_0)
FN:6,(anonymous_1)
FN:8,scard
FN:12,sisMember
FN:17,smembers
FN:21,srand
FNF:6
FNH:6
FNDA:33,(anonymous_0)
FNDA:33,(anonymous_1)
FNDA:3,scard
FNDA:3,sisMember
FNDA:1,smembers
FNDA:26,srand
DA:3,33
DA:5,2
DA:6,33
DA:8,2
DA:9,3
DA:12,2
DA:13,3
DA:14,3
DA:17,2
DA:18,1
DA:21,2
DA:22,26
DA:23,26
DA:24,26
LF:14
LH:14
BRDA:6,0,0,33
BRDA:6,0,1,2
BRF:2
BRH:2
end_of_record
